<?xml version="1.0" encoding="UTF-8"?>
<!-- Generated by org.testng.reporters.JUnitXMLReporter -->
<testsuite ignored="0" hostname="YP1016832LT" failures="1" tests="1" name="OpenCart_Test" time="7.575" errors="0" timestamp="2023-04-25T14:15:31 IST">
  <testcase classname="testCases.TC_001_TestRegistration" name="test_account_Registration" time="2.221">
    <failure type="java.lang.AssertionError" message="null">
      <![CDATA[java.lang.AssertionError: null
at testCases.TC_001_TestRegistration.test_account_Registration(TC_001_TestRegistration.java:41)
at java.base/java.util.ArrayList.forEach(ArrayList.java:1511)
... Removed 29 stack frames]]>
    </failure>
  </testcase> <!-- test_account_Registration -->
</testsuite> <!-- OpenCart_Test -->
